<?xml version="1.0" encoding="UTF-8"?>
<!-- Generated by org.testng.reporters.JUnitXMLReporter -->
<testsuite hostname="MXCDP4LP24" ignored="7" name="Test" tests="8" failures="0" timestamp="24 Jan 2019 20:00:58 GMT" time="134.647" errors="0">
  <testcase name="test1" time="14.927" classname="testcases.components.TCSPAHLWidget"/>
  <testcase name="test2" time="5.449" classname="testcases.components.TCSPAHLWidget"/>
  <testcase name="test3" time="5.743" classname="testcases.components.TCSPAHLWidget"/>
  <testcase name="test4" time="8.329" classname="testcases.components.TCSPAHLWidget"/>
  <testcase name="test5" time="11.185" classname="testcases.components.TCSPAHLWidget"/>
  <testcase name="test6" time="20.562" classname="testcases.components.TCSPAHLWidget"/>
  <testcase name="test7" time="9.53" classname="testcases.components.TCSPAHLWidget"/>
  <testcase name="test1" time="0.001" classname="testcases.components.TCSPAHLPaging"/>
  <testcase name="test6" time="0.0" classname="testcases.components.TCSPAHLPaging">
    <ignored/>
  </testcase> <!-- test6 -->
  <testcase name="prueba" time="0.0" classname="testcases.components.TCSPAHLWidget">
    <ignored/>
  </testcase> <!-- prueba -->
  <testcase name="test3" time="0.0" classname="testcases.components.TCSPAHLPaging">
    <ignored/>
  </testcase> <!-- test3 -->
  <testcase name="test2" time="0.0" classname="testcases.components.TCSPAHLPaging">
    <ignored/>
  </testcase> <!-- test2 -->
  <testcase name="test5" time="0.0" classname="testcases.components.TCSPAHLPaging">
    <ignored/>
  </testcase> <!-- test5 -->
  <testcase name="test4" time="0.0" classname="testcases.components.TCSPAHLPaging">
    <ignored/>
  </testcase> <!-- test4 -->
  <testcase name="test7" time="0.0" classname="testcases.components.TCSPAHLPaging">
    <ignored/>
  </testcase> <!-- test7 -->
</testsuite> <!-- Test -->
