<?xml version="1.0" encoding="UTF-8"?>
<!-- Generated by org.testng.reporters.JUnitXMLReporter -->
<testsuite hostname="MXCDP4LP24" ignored="2" name="HP_PTCOM" tests="1" failures="0" timestamp="03 Jan 2019 19:14:28 GMT" time="60.964" errors="0">
  <testcase name="test_HPHotelConCambioDeOcupantes" time="30.457" classname="testcases.HP_HotelConCambios"/>
  <testcase name="test_HPHotelConCambioDeDestino" time="0.0" classname="testcases.HP_HotelConCambios">
    <ignored/>
  </testcase> <!-- test_HPHotelConCambioDeDestino -->
  <testcase name="test_HPHotelConCambioDeFecha" time="0.0" classname="testcases.HP_HotelConCambios">
    <ignored/>
  </testcase> <!-- test_HPHotelConCambioDeFecha -->
</testsuite> <!-- HP_PTCOM -->
