<?xml version="1.0" encoding="UTF-8"?>
<!-- Generated by org.testng.reporters.JUnitXMLReporter -->
<testsuite hostname="MXCDP4LP24" ignored="1" name="HP_PTCOMMX" tests="3" failures="0" timestamp="31 Dec 2018 18:26:51 GMT" time="106.766" errors="0">
  <testcase name="test_HPHotelConCambioDeDestino" time="26.705" classname="testcases.HP_HotelConCambios"/>
  <testcase name="test_HPHotelConCambioDeFecha" time="18.849" classname="testcases.HP_HotelConCambios"/>
  <testcase name="test_HPHotelConCambioDeOcupantes" time="19.892" classname="testcases.HP_HotelConCambios"/>
  <testcase name="HappyPath_HotelFailure" time="0.0" classname="testcases.HP_HotelConCambios">
    <ignored/>
  </testcase> <!-- HappyPath_HotelFailure -->
</testsuite> <!-- HP_PTCOMMX -->
