<?xml version="1.0" encoding="UTF-8"?>
<!-- Generated by org.testng.reporters.JUnitXMLReporter -->
<testsuite hostname="MXCDP4LP24" ignored="2" name="HP_PTCOMMX" tests="1" failures="0" timestamp="04 Jan 2019 17:41:42 GMT" time="31.313" errors="0">
  <testcase name="test_HPHotelConCambioDeOcupantes" time="20.676" classname="testcases.HP_HotelConCambios"/>
  <testcase name="test_HPHotelConCambioDeDestino" time="0.0" classname="testcases.HP_HotelConCambios">
    <ignored/>
  </testcase> <!-- test_HPHotelConCambioDeDestino -->
  <testcase name="test_HPHotelConCambioDeFecha" time="0.0" classname="testcases.HP_HotelConCambios">
    <ignored/>
  </testcase> <!-- test_HPHotelConCambioDeFecha -->
</testsuite> <!-- HP_PTCOMMX -->
