<?xml version="1.0" encoding="UTF-8"?>
<!-- Generated by org.testng.reporters.JUnitXMLReporter -->
<testsuite hostname="MXCDP4LP24" ignored="1" name="HP_PTCOM" tests="3" failures="0" timestamp="31 Dec 2018 18:28:00 GMT" time="69.323" errors="0">
  <testcase name="test_HPHotelConCambioDeDestino" time="19.213" classname="testcases.HP_HotelConCambios"/>
  <testcase name="test_HPHotelConCambioDeFecha" time="15.73" classname="testcases.HP_HotelConCambios"/>
  <testcase name="test_HPHotelConCambioDeOcupantes" time="17.752" classname="testcases.HP_HotelConCambios"/>
  <testcase name="HappyPath_HotelFailure" time="0.0" classname="testcases.HP_HotelConCambios">
    <ignored/>
  </testcase> <!-- HappyPath_HotelFailure -->
</testsuite> <!-- HP_PTCOM -->
