<?xml version="1.0" encoding="UTF-8"?>
<!-- Generated by org.testng.reporters.JUnitXMLReporter -->
<testsuite hostname="MXCDP4LP24" ignored="1" name="HPPTCO" tests="1" failures="0" timestamp="22 Jan 2019 20:24:39 GMT" time="32.238" errors="0">
  <testcase name="HPHotelRandom" time="19.761" classname="testcases.hphoteles.TCHP_PTAll"/>
  <testcase name="HPHotelDefault" time="0.0" classname="testcases.hphoteles.TCHP_PTAll">
    <ignored/>
  </testcase> <!-- HPHotelDefault -->
</testsuite> <!-- HPPTCO -->
