<?xml version="1.0" encoding="UTF-8"?>
<!-- Generated by org.testng.reporters.JUnitXMLReporter -->
<testsuite hostname="MXCDP4LP24" ignored="0" name="HPPTCOM" tests="3" failures="0" timestamp="18 Jan 2019 04:28:35 GMT" time="98.878" errors="0">
  <testcase name="test_HPHotelConCambioDeDestino" time="28.106" classname="testcases.hphoteles.TCHP_HotelConCambios"/>
  <testcase name="test_HPHotelConCambioDeFecha" time="21.082" classname="testcases.hphoteles.TCHP_HotelConCambios"/>
  <testcase name="test_HPHotelConCambioDeOcupantes" time="17.383" classname="testcases.hphoteles.TCHP_HotelConCambios"/>
</testsuite> <!-- HPPTCOM -->
