<?xml version="1.0" encoding="UTF-8"?>
<!-- Generated by org.testng.reporters.JUnitXMLReporter -->
<testsuite hostname="MXCDP4LP24" ignored="1" name="HPPTCOMMX" tests="1" failures="0" timestamp="24 Jan 2019 20:01:48 GMT" time="27.153" errors="0">
  <testcase name="HPHotelRandom" time="14.721" classname="testcases.workflows.TCHP_PTAll"/>
  <testcase name="HPHotelDefault" time="0.0" classname="testcases.workflows.TCHP_PTAll">
    <ignored/>
  </testcase> <!-- HPHotelDefault -->
</testsuite> <!-- HPPTCOMMX -->
