<?xml version="1.0" encoding="UTF-8"?>
<!-- Generated by org.testng.reporters.JUnitXMLReporter -->
<testsuite hostname="MXCDP4LP24" ignored="1" name="HPPTCOMMX" tests="1" failures="0" timestamp="13 Feb 2019 14:56:54 GMT" time="49.844" errors="0">
  <testcase name="HPHotelRandom" time="36.406" classname="testcases.healthcheck.pt.TCHP_Hotel"/>
  <testcase name="HPHotelDefault" time="0.0" classname="testcases.healthcheck.pt.TCHP_Hotel">
    <ignored/>
  </testcase> <!-- HPHotelDefault -->
</testsuite> <!-- HPPTCOMMX -->
