<?xml version="1.0" encoding="UTF-8"?>
<!-- Generated by org.testng.reporters.JUnitXMLReporter -->
<testsuite hostname="MXCDP4LP24" ignored="1" name="HPPTCOM" tests="1" failures="0" timestamp="22 Jan 2019 20:24:07 GMT" time="34.76" errors="0">
  <testcase name="HPHotelRandom" time="25.114" classname="testcases.hphoteles.TCHP_PTAll"/>
  <testcase name="HPHotelDefault" time="0.0" classname="testcases.hphoteles.TCHP_PTAll">
    <ignored/>
  </testcase> <!-- HPHotelDefault -->
</testsuite> <!-- HPPTCOM -->
