<?xml version="1.0" encoding="UTF-8"?>
<!-- Generated by org.testng.reporters.JUnitXMLReporter -->
<testsuite hostname="MXCDP4LP24" ignored="0" name="HPPTCO" tests="3" failures="0" timestamp="18 Jan 2019 04:30:54 GMT" time="138.836" errors="0">
  <testcase name="test_HPHotelConCambioDeDestino" time="43.167" classname="testcases.hphoteles.TCHP_HotelConCambios"/>
  <testcase name="test_HPHotelConCambioDeFecha" time="34.219" classname="testcases.hphoteles.TCHP_HotelConCambios"/>
  <testcase name="test_HPHotelConCambioDeOcupantes" time="29.104" classname="testcases.hphoteles.TCHP_HotelConCambios"/>
</testsuite> <!-- HPPTCO -->
