<?xml version="1.0" encoding="UTF-8"?>
<testng-results skipped="0" failed="0" ignored="1" total="2" passed="1">
  <reporter-output>
    <line>
      <![CDATA[Starting BeforeTest]]>
    </line>
    <line>
      <![CDATA[Starting Browser]]>
    </line>
    <line>
      <![CDATA[Browser Started]]>
    </line>
    <line>
      <![CDATA[Starting test HPHotelRandom]]>
    </line>
    <line>
      <![CDATA[Staring HPHotelRandom]]>
    </line>
    <line>
      <![CDATA[Ending HPHotelRandom]]>
    </line>
    <line>
      <![CDATA[Closing Browser...]]>
    </line>
    <line>
      <![CDATA[Test Finished]]>
    </line>
  </reporter-output>
  <suite name="HP_Suite" duration-ms="49844" started-at="2019-02-13T14:56:04Z" finished-at="2019-02-13T14:56:54Z">
    <groups>
    </groups>
    <test name="HPPTCOMMX" duration-ms="49844" started-at="2019-02-13T14:56:04Z" finished-at="2019-02-13T14:56:54Z">
      <class name="testcases.healthcheck.pt.TCHP_Hotel">
        <test-method status="PASS" signature="setConfigVariables(java.lang.String, java.lang.String, org.testng.ITestContext)[pri:0, instance:testcases.healthcheck.pt.TCHP_Hotel@77888435]" name="setConfigVariables" is-config="true" duration-ms="12" started-at="2019-02-13T14:56:04Z" finished-at="2019-02-13T14:56:04Z">
          <params>
            <param index="0">
              <value>
                <![CDATA[https://www.pricetravel.com.mx]]>
              </value>
            </param>
            <param index="1">
              <value>
                <![CDATA[chrome]]>
              </value>
            </param>
            <param index="2">
              <value>
                <![CDATA[org.testng.TestRunner@6f0ae0ee]]>
              </value>
            </param>
          </params>
          <reporter-output>
            <line>
              <![CDATA[Starting BeforeTest]]>
            </line>
          </reporter-output>
        </test-method> <!-- setConfigVariables -->
        <test-method status="PASS" signature="prerequisites(org.testng.ITestContext)[pri:0, instance:testcases.healthcheck.pt.TCHP_Hotel@77888435]" name="prerequisites" is-config="true" duration-ms="11093" started-at="2019-02-13T14:56:04Z" finished-at="2019-02-13T14:56:15Z">
          <params>
            <param index="0">
              <value>
                <![CDATA[org.testng.TestRunner@6f0ae0ee]]>
              </value>
            </param>
          </params>
          <reporter-output>
            <line>
              <![CDATA[Starting Browser]]>
            </line>
            <line>
              <![CDATA[Browser Started]]>
            </line>
          </reporter-output>
        </test-method> <!-- prerequisites -->
        <test-method status="PASS" signature="HPHotelRandom()[pri:2, instance:testcases.healthcheck.pt.TCHP_Hotel@77888435]" name="HPHotelRandom" duration-ms="36406" started-at="2019-02-13T14:56:15Z" finished-at="2019-02-13T14:56:52Z">
          <reporter-output>
            <line>
              <![CDATA[Starting test HPHotelRandom]]>
            </line>
            <line>
              <![CDATA[Staring HPHotelRandom]]>
            </line>
            <line>
              <![CDATA[Ending HPHotelRandom]]>
            </line>
          </reporter-output>
        </test-method> <!-- HPHotelRandom -->
        <test-method status="PASS" signature="Close()[pri:0, instance:testcases.healthcheck.pt.TCHP_Hotel@77888435]" name="Close" is-config="true" duration-ms="2314" started-at="2019-02-13T14:56:52Z" finished-at="2019-02-13T14:56:54Z">
          <reporter-output>
            <line>
              <![CDATA[Closing Browser...]]>
            </line>
          </reporter-output>
        </test-method> <!-- Close -->
        <test-method status="PASS" signature="End()[pri:0, instance:testcases.healthcheck.pt.TCHP_Hotel@77888435]" name="End" is-config="true" duration-ms="0" started-at="2019-02-13T14:56:54Z" finished-at="2019-02-13T14:56:54Z">
          <reporter-output>
            <line>
              <![CDATA[Test Finished]]>
            </line>
          </reporter-output>
        </test-method> <!-- End -->
      </class> <!-- testcases.healthcheck.pt.TCHP_Hotel -->
    </test> <!-- HPPTCOMMX -->
  </suite> <!-- HP_Suite -->
</testng-results>
