<?xml version="1.0" encoding="UTF-8"?>
<!-- Generated by org.testng.reporters.JUnitXMLReporter -->
<testsuite hostname="MXCDP4LP24" ignored="6" name="Default test" tests="2" failures="0" timestamp="23 Jan 2019 01:33:42 GMT" time="37.298" errors="0">
  <testcase name="test2" time="10.062" classname="testcases.hoteles.TCSPAHLWidget"/>
  <testcase name="testPruebaWait" time="10.383" classname="testcases.hoteles.TCSPAHLWidget"/>
  <testcase name="test5" time="0.0" classname="testcases.hoteles.TCSPAHLWidget">
    <ignored/>
  </testcase> <!-- test5 -->
  <testcase name="test1" time="0.0" classname="testcases.hoteles.TCSPAHLWidget">
    <ignored/>
  </testcase> <!-- test1 -->
  <testcase name="test6" time="0.0" classname="testcases.hoteles.TCSPAHLWidget">
    <ignored/>
  </testcase> <!-- test6 -->
  <testcase name="test7" time="0.0" classname="testcases.hoteles.TCSPAHLWidget">
    <ignored/>
  </testcase> <!-- test7 -->
  <testcase name="test3" time="0.0" classname="testcases.hoteles.TCSPAHLWidget">
    <ignored/>
  </testcase> <!-- test3 -->
  <testcase name="test4" time="0.0" classname="testcases.hoteles.TCSPAHLWidget">
    <ignored/>
  </testcase> <!-- test4 -->
</testsuite> <!-- Default test -->
