<?xml version="1.0" encoding="UTF-8"?>
<!-- Generated by org.testng.reporters.JUnitXMLReporter -->
<testsuite hostname="MXCDP4LP24" ignored="0" name="Test" tests="3" failures="0" timestamp="21 Nov 2018 17:58:04 GMT" time="120.271" errors="0">
  <testcase name="HappyPath_HotelDefault" time="32.93" classname="TestCases.HP_PTCOMMX_PROD"/>
  <testcase name="HappyPath_HotelDefault" time="24.294" classname="TestCases.HP_PTCOM_PROD"/>
  <testcase name="HappyPath_HotelDefault" time="31.972" classname="TestCases.HP_PTCO_PROD"/>
</testsuite> <!-- Test -->
