<?xml version="1.0" encoding="UTF-8"?>
<!-- Generated by org.testng.reporters.JUnitXMLReporter -->
<testsuite hostname="MXCDP4LP24" ignored="1" name="Test" tests="4" failures="1" timestamp="03 Jan 2019 16:41:41 GMT" time="167.052" errors="0">
  <testcase name="HappyPath_HotelDefault" time="22.909" classname="testcases.HP_PTCOM_PROD"/>
  <testcase name="HappyPath_HotelDefault" time="22.2" classname="testcases.HP_PTCO_PROD"/>
  <testcase name="HappyPath_HotelDefault" time="25.136" classname="testcases.HP_PTCOMMX_PROD"/>
  <testcase name="HappyPath_HotelFailure" time="0.015" classname="testcases.HP_PTCOMMX_PROD">
    <failure type="java.lang.AssertionError" message="expected [true] but found [false]">
      <![CDATA[java.lang.AssertionError: expected [true] but found [false]
at testcases.HP_PTCOMMX_PROD.HappyPath_HotelFailure(HP_PTCOMMX_PROD.java:40)
... Removed 29 stack frames]]>
    </failure>
  </testcase> <!-- HappyPath_HotelFailure -->
  <testcase name="HappyPath_HotelRandom" time="0.0" classname="testcases.HP_PTCOMMX_PROD">
    <ignored/>
  </testcase> <!-- HappyPath_HotelRandom -->
</testsuite> <!-- Test -->
